<?xml version="1.0" encoding="UTF-8"?>
<!-- Generated by org.testng.reporters.JUnitXMLReporter -->
<testsuite ignored="0" hostname="LAPTOP-JAC54OU6" failures="1" tests="6" name="yavdadru" time="0.089" errors="0" timestamp="2021-09-19T18:48:40 IST">
  <testcase classname="test.day1" name="abc" time="0.0">
    <failure type="org.testng.TestNGException" message="
Parameter &amp;apos;URL&amp;apos; is required by @Test on method abc but has not been marked @Optional or defined
in D:\work\selenium learning workspace\eclipse_projects\RahulTestNGtutorial\beforeafter3.xml">
      <![CDATA[org.testng.TestNGException: 
Parameter 'URL' is required by @Test on method abc but has not been marked @Optional or defined
in D:\work\selenium learning workspace\eclipse_projects\RahulTestNGtutorial\beforeafter3.xml
at java.base/java.util.ArrayList.forEach(ArrayList.java:1511)
... Removed 26 stack frames]]>
    </failure>
  </testcase> <!-- abc -->
  <testcase classname="test.day1" name="demo" time="0.005"/>
  <testcase classname="test.day1" name="demos" time="0.002"/>
  <testcase classname="test.day1" name="demos" time="0.001"/>
  <testcase classname="test.day1" name="demos" time="0.001"/>
  <testcase classname="test.day1" name="qwr" time="0.002"/>
</testsuite> <!-- yavdadru -->
